Arguments: 
  C:\Program Files\nodejs\node.exe C:\Program Files\nodejs\node_modules\yarn\bin\yarn.js install

PATH: 
  C:\Program Files (x86)\VMware\VMware Player\bin\;C:\Program Files\Common Files\Oracle\Java\javapath;C:\Program Files\Eclipse Adoptium\jdk-11.0.16.101-hotspot\bin;C:\Python310\Scripts\;C:\Python310\;C:\WINDOWS\system32;C:\WINDOWS;C:\WINDOWS\System32\Wbem;C:\WINDOWS\System32\WindowsPowerShell\v1.0\;C:\WINDOWS\System32\OpenSSH\;C:\Program Files\Microsoft VS Code\bin;C:\Program Files\Git\cmd;C:\Users\Sabi_Employee\AppData\Roaming\npm;C:\ProgramData\chocolatey\bin;C:\Program Files\OpenJDK\openjdk-8u312-b07\bin;C:\Users\Sabi_Employee\AppData\Local\Android\Sdk\platform-tools;C:\Program Files\PuTTY\;C:\Gradle\gradle-7.3.3\bin;C:\xampp\php;C:\ProgramData\ComposerSetup\bin;C:\Users\Hameed_Ijadunola\AppData\Roaming\nvm;C:\Program Files\nodejs;C:\Python27\;C:\Python27\Scripts\;C:\Users\Hameed_Ijadunola\AppData\Local\Microsoft\WindowsApps;C:\Users\Hameed_Ijadunola\AppData\Roaming\npm;C:\Users\Hameed_Ijadunola\AppData\Roaming\Composer\vendor\bin;C:\Program Files\heroku\bin;C:\Program Files (x86)\MongoDB Atlas CLI\;C:\Program Files\MongoDB\Tools\100\bin;C:\Users\Hameed_Ijadunola\AppData\Roaming\nvm;C:\Program Files\nodejs;C:\Users\Hameed_Ijadunola\AppData\Local\GitHubDesktop\bin;C:\Exercism;C:\Program Files\JetBrains\IntelliJ IDEA Community Edition 2024.1\bin;

Yarn version: 
  1.22.19

Node version: 
  18.17.1

Platform: 
  win32 x64

Trace: 
  Error: https://registry.yarnpkg.com/expo-modules-core/-/expo-modules-core-1.12.15.tgz: ESOCKETTIMEDOUT
      at ClientRequest.<anonymous> (C:\Users\Hameed_Ijadunola\AppData\Roaming\nvm\v18.17.1\node_modules\yarn\lib\cli.js:141517:19)
      at Object.onceWrapper (node:events:628:28)
      at ClientRequest.emit (node:events:514:28)
      at TLSSocket.emitRequestTimeout (node:_http_client:847:9)
      at Object.onceWrapper (node:events:628:28)
      at TLSSocket.emit (node:events:526:35)
      at Socket._onTimeout (node:net:571:8)
      at listOnTimeout (node:internal/timers:569:17)
      at process.processTimers (node:internal/timers:512:7)

npm manifest: 
  {
    "name": "divictest",
    "main": "expo-router/entry",
    "version": "1.0.0",
    "scripts": {
      "start": "expo start",
      "reset-project": "node ./scripts/reset-project.js",
      "android": "expo start --android",
      "ios": "expo start --ios",
      "web": "expo start --web",
      "test": "jest --watchAll",
      "lint": "expo lint"
    },
    "jest": {
      "preset": "jest-expo"
    },
    "dependencies": {
      "@expo/vector-icons": "^14.0.0",
      "@react-navigation/native": "^6.0.2",
      "expo": "~51.0.14",
      "expo-constants": "~16.0.2",
      "expo-font": "~12.0.7",
      "expo-linking": "~6.3.1",
      "expo-router": "~3.5.16",
      "expo-splash-screen": "~0.27.5",
      "expo-status-bar": "~1.12.1",
      "expo-system-ui": "~3.0.6",
      "expo-web-browser": "~13.0.3",
      "react": "18.2.0",
      "react-dom": "18.2.0",
      "react-native": "0.74.2",
      "react-native-gesture-handler": "~2.16.1",
      "react-native-reanimated": "~3.10.1",
      "react-native-safe-area-context": "4.10.1",
      "react-native-screens": "3.31.1",
      "react-native-web": "~0.19.10"
    },
    "devDependencies": {
      "@babel/core": "^7.20.0",
      "@types/jest": "^29.5.12",
      "@types/react": "~18.2.45",
      "@types/react-test-renderer": "^18.0.7",
      "jest": "^29.2.1",
      "jest-expo": "~51.0.1",
      "react-test-renderer": "18.2.0",
      "typescript": "~5.3.3"
    },
    "private": true
  }

yarn manifest: 
  No manifest

Lockfile: 
  No lockfile
